Arguments: 
  /usr/bin/node /usr/share/yarn/bin/yarn.js add sockat.io

PATH: 
  /usr/local/sbin:/usr/local/bin:/usr/sbin:/usr/bin:/sbin:/bin:/snap/bin

Yarn version: 
  1.21.1

Node version: 
  10.15.2

Platform: 
  linux x64

Trace: 
  Error: https://registry.yarnpkg.com/sockat.io: Not found
      at Request.params.callback [as _callback] (/usr/share/yarn/lib/cli.js:66947:18)
      at Request.self.callback (/usr/share/yarn/lib/cli.js:140665:22)
      at Request.emit (events.js:189:13)
      at Request.<anonymous> (/usr/share/yarn/lib/cli.js:141637:10)
      at Request.emit (events.js:189:13)
      at IncomingMessage.<anonymous> (/usr/share/yarn/lib/cli.js:141559:12)
      at Object.onceWrapper (events.js:277:13)
      at IncomingMessage.emit (events.js:194:15)
      at endReadableNT (_stream_readable.js:1103:12)
      at process._tickCallback (internal/process/next_tick.js:63:19)

npm manifest: 
  {
    "name": "backend",
    "version": "1.0.0",
    "main": "index.js",
    "license": "MIT",
    "scripts": {
      "test": "echo \"Error: no test specified\" && exit 1",
      "dev": "nodemon src/index.js"
    },
    "keywords": [],
    "author": "",
    "description": "",
    "dependencies": {
      "axios": "^0.19.1",
      "cors": "^2.8.5",
      "express": "^4.17.1",
      "mongoose": "^5.8.7"
    },
    "devDependencies": {
      "nodemon": "^2.0.2"
    }
  }

yarn manifest: 
  No manifest

Lockfile: 
  No lockfile
